<?xml version="1.0" encoding="UTF-8"?>
<testsuite xmlns:xsi="http://www.w3.org/2001/XMLSchema-instance" xsi:noNamespaceSchemaLocation="https://maven.apache.org/surefire/maven-surefire-plugin/xsd/surefire-test-report.xsd" name="TestSuite" time="280.894" tests="5" errors="0" skipped="0" failures="2">
  <properties>
    <property name="java.specification.version" value="14"/>
    <property name="sun.cpu.isalist" value="amd64"/>
    <property name="sun.jnu.encoding" value="Cp1252"/>
    <property name="java.class.path" value="C:\Selenium WebDriver with Java\Projects\CucumberFramework\target\test-classes;C:\Selenium WebDriver with Java\Projects\CucumberFramework\target\classes;C:\Users\saini\.m2\repository\junit\junit\4.11\junit-4.11.jar;C:\Users\saini\.m2\repository\org\hamcrest\hamcrest-core\1.3\hamcrest-core-1.3.jar;C:\Users\saini\.m2\repository\org\seleniumhq\selenium\selenium-java\3.141.59\selenium-java-3.141.59.jar;C:\Users\saini\.m2\repository\org\seleniumhq\selenium\selenium-api\3.141.59\selenium-api-3.141.59.jar;C:\Users\saini\.m2\repository\org\seleniumhq\selenium\selenium-chrome-driver\3.141.59\selenium-chrome-driver-3.141.59.jar;C:\Users\saini\.m2\repository\org\seleniumhq\selenium\selenium-edge-driver\3.141.59\selenium-edge-driver-3.141.59.jar;C:\Users\saini\.m2\repository\org\seleniumhq\selenium\selenium-firefox-driver\3.141.59\selenium-firefox-driver-3.141.59.jar;C:\Users\saini\.m2\repository\org\seleniumhq\selenium\selenium-ie-driver\3.141.59\selenium-ie-driver-3.141.59.jar;C:\Users\saini\.m2\repository\org\seleniumhq\selenium\selenium-opera-driver\3.141.59\selenium-opera-driver-3.141.59.jar;C:\Users\saini\.m2\repository\org\seleniumhq\selenium\selenium-remote-driver\3.141.59\selenium-remote-driver-3.141.59.jar;C:\Users\saini\.m2\repository\org\seleniumhq\selenium\selenium-safari-driver\3.141.59\selenium-safari-driver-3.141.59.jar;C:\Users\saini\.m2\repository\org\seleniumhq\selenium\selenium-support\3.141.59\selenium-support-3.141.59.jar;C:\Users\saini\.m2\repository\net\bytebuddy\byte-buddy\1.8.15\byte-buddy-1.8.15.jar;C:\Users\saini\.m2\repository\org\apache\commons\commons-exec\1.3\commons-exec-1.3.jar;C:\Users\saini\.m2\repository\com\google\guava\guava\25.0-jre\guava-25.0-jre.jar;C:\Users\saini\.m2\repository\com\google\code\findbugs\jsr305\1.3.9\jsr305-1.3.9.jar;C:\Users\saini\.m2\repository\org\checkerframework\checker-compat-qual\2.0.0\checker-compat-qual-2.0.0.jar;C:\Users\saini\.m2\repository\com\google\errorprone\error_prone_annotations\2.1.3\error_prone_annotations-2.1.3.jar;C:\Users\saini\.m2\repository\com\google\j2objc\j2objc-annotations\1.1\j2objc-annotations-1.1.jar;C:\Users\saini\.m2\repository\org\codehaus\mojo\animal-sniffer-annotations\1.14\animal-sniffer-annotations-1.14.jar;C:\Users\saini\.m2\repository\com\squareup\okhttp3\okhttp\3.11.0\okhttp-3.11.0.jar;C:\Users\saini\.m2\repository\com\squareup\okio\okio\1.14.0\okio-1.14.0.jar;C:\Users\saini\.m2\repository\org\testng\testng\7.1.0\testng-7.1.0.jar;C:\Users\saini\.m2\repository\com\beust\jcommander\1.72\jcommander-1.72.jar;C:\Users\saini\.m2\repository\com\google\inject\guice\4.1.0\guice-4.1.0-no_aop.jar;C:\Users\saini\.m2\repository\javax\inject\javax.inject\1\javax.inject-1.jar;C:\Users\saini\.m2\repository\aopalliance\aopalliance\1.0\aopalliance-1.0.jar;C:\Users\saini\.m2\repository\org\yaml\snakeyaml\1.21\snakeyaml-1.21.jar;C:\Users\saini\.m2\repository\io\cucumber\cucumber-junit\1.2.6\cucumber-junit-1.2.6.jar;C:\Users\saini\.m2\repository\io\cucumber\cucumber-core\1.2.6\cucumber-core-1.2.6.jar;C:\Users\saini\.m2\repository\info\cukes\cucumber-html\0.2.3\cucumber-html-0.2.3.jar;C:\Users\saini\.m2\repository\info\cukes\cucumber-jvm-deps\1.0.5\cucumber-jvm-deps-1.0.5.jar;C:\Users\saini\.m2\repository\info\cukes\gherkin\2.12.2\gherkin-2.12.2.jar;C:\Users\saini\.m2\repository\io\cucumber\cucumber-java\1.2.6\cucumber-java-1.2.6.jar;C:\Users\saini\.m2\repository\info\cukes\cucumber-testng\1.2.5\cucumber-testng-1.2.5.jar;C:\Users\saini\.m2\repository\info\cukes\cucumber-core\1.2.5\cucumber-core-1.2.5.jar;C:\Users\saini\.m2\repository\com\aventstack\extentreports\3.1.2\extentreports-3.1.2.jar;C:\Users\saini\.m2\repository\org\freemarker\freemarker\2.3.23\freemarker-2.3.23.jar;C:\Users\saini\.m2\repository\org\mongodb\mongodb-driver\3.3.0\mongodb-driver-3.3.0.jar;C:\Users\saini\.m2\repository\org\mongodb\bson\3.3.0\bson-3.3.0.jar;C:\Users\saini\.m2\repository\org\mongodb\mongodb-driver-core\3.3.0\mongodb-driver-core-3.3.0.jar;C:\Users\saini\.m2\repository\org\apache\httpcomponents\httpclient\4.5.2\httpclient-4.5.2.jar;C:\Users\saini\.m2\repository\org\apache\httpcomponents\httpcore\4.4.4\httpcore-4.4.4.jar;C:\Users\saini\.m2\repository\commons-logging\commons-logging\1.2\commons-logging-1.2.jar;C:\Users\saini\.m2\repository\org\apache\httpcomponents\httpmime\4.5.2\httpmime-4.5.2.jar;C:\Users\saini\.m2\repository\org\jsoup\jsoup\1.9.2\jsoup-1.9.2.jar;C:\Users\saini\.m2\repository\org\apache\logging\log4j\log4j-api\2.13.3\log4j-api-2.13.3.jar;C:\Users\saini\.m2\repository\org\apache\logging\log4j\log4j-core\2.13.3\log4j-core-2.13.3.jar;C:\Users\saini\.m2\repository\commons-io\commons-io\2.7\commons-io-2.7.jar;C:\Users\saini\.m2\repository\org\apache\poi\poi-ooxml\4.1.2\poi-ooxml-4.1.2.jar;C:\Users\saini\.m2\repository\org\apache\poi\poi-ooxml-schemas\4.1.2\poi-ooxml-schemas-4.1.2.jar;C:\Users\saini\.m2\repository\org\apache\xmlbeans\xmlbeans\3.1.0\xmlbeans-3.1.0.jar;C:\Users\saini\.m2\repository\org\apache\commons\commons-compress\1.19\commons-compress-1.19.jar;C:\Users\saini\.m2\repository\com\github\virtuald\curvesapi\1.06\curvesapi-1.06.jar;C:\Users\saini\.m2\repository\org\apache\poi\poi\4.1.2\poi-4.1.2.jar;C:\Users\saini\.m2\repository\commons-codec\commons-codec\1.13\commons-codec-1.13.jar;C:\Users\saini\.m2\repository\org\apache\commons\commons-collections4\4.4\commons-collections4-4.4.jar;C:\Users\saini\.m2\repository\org\apache\commons\commons-math3\3.6.1\commons-math3-3.6.1.jar;C:\Users\saini\.m2\repository\com\zaxxer\SparseBitSet\1.2\SparseBitSet-1.2.jar;C:\Users\saini\.m2\repository\io\appium\java-client\7.3.0\java-client-7.3.0.jar;C:\Users\saini\.m2\repository\cglib\cglib\3.2.12\cglib-3.2.12.jar;C:\Users\saini\.m2\repository\org\ow2\asm\asm\7.1\asm-7.1.jar;C:\Users\saini\.m2\repository\commons-validator\commons-validator\1.6\commons-validator-1.6.jar;C:\Users\saini\.m2\repository\commons-beanutils\commons-beanutils\1.9.2\commons-beanutils-1.9.2.jar;C:\Users\saini\.m2\repository\commons-digester\commons-digester\1.8.1\commons-digester-1.8.1.jar;C:\Users\saini\.m2\repository\commons-collections\commons-collections\3.2.2\commons-collections-3.2.2.jar;C:\Users\saini\.m2\repository\org\apache\commons\commons-lang3\3.9\commons-lang3-3.9.jar;C:\Users\saini\.m2\repository\org\springframework\spring-context\5.1.8.RELEASE\spring-context-5.1.8.RELEASE.jar;C:\Users\saini\.m2\repository\org\springframework\spring-aop\5.1.8.RELEASE\spring-aop-5.1.8.RELEASE.jar;C:\Users\saini\.m2\repository\org\springframework\spring-beans\5.1.8.RELEASE\spring-beans-5.1.8.RELEASE.jar;C:\Users\saini\.m2\repository\org\springframework\spring-core\5.1.8.RELEASE\spring-core-5.1.8.RELEASE.jar;C:\Users\saini\.m2\repository\org\springframework\spring-jcl\5.1.8.RELEASE\spring-jcl-5.1.8.RELEASE.jar;C:\Users\saini\.m2\repository\org\springframework\spring-expression\5.1.8.RELEASE\spring-expression-5.1.8.RELEASE.jar;C:\Users\saini\.m2\repository\org\aspectj\aspectjweaver\1.9.4\aspectjweaver-1.9.4.jar;C:\Users\saini\.m2\repository\org\slf4j\slf4j-api\1.7.26\slf4j-api-1.7.26.jar;C:\Users\saini\.m2\repository\com\google\code\gson\gson\2.8.6\gson-2.8.6.jar;C:\Users\saini\.m2\repository\com\vimalselvam\cucumber-extentsreport\3.0.2\cucumber-extentsreport-3.0.2.jar;C:\Users\saini\.m2\repository\io\rest-assured\rest-assured\4.3.0\rest-assured-4.3.0.jar;C:\Users\saini\.m2\repository\org\codehaus\groovy\groovy\3.0.2\groovy-3.0.2.jar;C:\Users\saini\.m2\repository\org\codehaus\groovy\groovy-xml\3.0.2\groovy-xml-3.0.2.jar;C:\Users\saini\.m2\repository\org\hamcrest\hamcrest\2.1\hamcrest-2.1.jar;C:\Users\saini\.m2\repository\org\ccil\cowan\tagsoup\tagsoup\1.2.1\tagsoup-1.2.1.jar;C:\Users\saini\.m2\repository\io\rest-assured\json-path\4.3.0\json-path-4.3.0.jar;C:\Users\saini\.m2\repository\org\codehaus\groovy\groovy-json\3.0.2\groovy-json-3.0.2.jar;C:\Users\saini\.m2\repository\io\rest-assured\rest-assured-common\4.3.0\rest-assured-common-4.3.0.jar;C:\Users\saini\.m2\repository\io\rest-assured\xml-path\4.3.0\xml-path-4.3.0.jar;C:\Users\saini\.m2\repository\jakarta\xml\bind\jakarta.xml.bind-api\2.3.2\jakarta.xml.bind-api-2.3.2.jar;C:\Users\saini\.m2\repository\jakarta\activation\jakarta.activation-api\1.2.1\jakarta.activation-api-1.2.1.jar;C:\Users\saini\.m2\repository\com\sun\xml\bind\jaxb-osgi\2.3.0.1\jaxb-osgi-2.3.0.1.jar;C:\Users\saini\.m2\repository\org\apache\sling\org.apache.sling.javax.activation\0.1.0\org.apache.sling.javax.activation-0.1.0.jar;C:\Users\saini\.m2\repository\javax\activation\activation\1.1.1\activation-1.1.1.jar;C:\Users\saini\.m2\repository\com\googlecode\json-simple\json-simple\1.1.1\json-simple-1.1.1.jar;"/>
    <property name="java.vm.vendor" value="Oracle Corporation"/>
    <property name="sun.arch.data.model" value="64"/>
    <property name="user.variant" value=""/>
    <property name="java.vendor.url" value="https://java.oracle.com/"/>
    <property name="user.timezone" value="America/Los_Angeles"/>
    <property name="os.name" value="Windows 10"/>
    <property name="java.vm.specification.version" value="14"/>
    <property name="sun.java.launcher" value="SUN_STANDARD"/>
    <property name="user.country" value="US"/>
    <property name="sun.boot.library.path" value="C:\Program Files\Java\jdk-14.0.1\bin"/>
    <property name="sun.java.command" value="C:\Users\saini\AppData\Local\Temp\surefire8349806509769961957\surefirebooter8891929672730909683.jar C:\Users\saini\AppData\Local\Temp\surefire8349806509769961957 2020-07-07T17-10-17_554-jvmRun1 surefire7810097861203665773tmp surefire_0610723655953694495tmp"/>
    <property name="jdk.debug" value="release"/>
    <property name="surefire.test.class.path" value="C:\Selenium WebDriver with Java\Projects\CucumberFramework\target\test-classes;C:\Selenium WebDriver with Java\Projects\CucumberFramework\target\classes;C:\Users\saini\.m2\repository\junit\junit\4.11\junit-4.11.jar;C:\Users\saini\.m2\repository\org\hamcrest\hamcrest-core\1.3\hamcrest-core-1.3.jar;C:\Users\saini\.m2\repository\org\seleniumhq\selenium\selenium-java\3.141.59\selenium-java-3.141.59.jar;C:\Users\saini\.m2\repository\org\seleniumhq\selenium\selenium-api\3.141.59\selenium-api-3.141.59.jar;C:\Users\saini\.m2\repository\org\seleniumhq\selenium\selenium-chrome-driver\3.141.59\selenium-chrome-driver-3.141.59.jar;C:\Users\saini\.m2\repository\org\seleniumhq\selenium\selenium-edge-driver\3.141.59\selenium-edge-driver-3.141.59.jar;C:\Users\saini\.m2\repository\org\seleniumhq\selenium\selenium-firefox-driver\3.141.59\selenium-firefox-driver-3.141.59.jar;C:\Users\saini\.m2\repository\org\seleniumhq\selenium\selenium-ie-driver\3.141.59\selenium-ie-driver-3.141.59.jar;C:\Users\saini\.m2\repository\org\seleniumhq\selenium\selenium-opera-driver\3.141.59\selenium-opera-driver-3.141.59.jar;C:\Users\saini\.m2\repository\org\seleniumhq\selenium\selenium-remote-driver\3.141.59\selenium-remote-driver-3.141.59.jar;C:\Users\saini\.m2\repository\org\seleniumhq\selenium\selenium-safari-driver\3.141.59\selenium-safari-driver-3.141.59.jar;C:\Users\saini\.m2\repository\org\seleniumhq\selenium\selenium-support\3.141.59\selenium-support-3.141.59.jar;C:\Users\saini\.m2\repository\net\bytebuddy\byte-buddy\1.8.15\byte-buddy-1.8.15.jar;C:\Users\saini\.m2\repository\org\apache\commons\commons-exec\1.3\commons-exec-1.3.jar;C:\Users\saini\.m2\repository\com\google\guava\guava\25.0-jre\guava-25.0-jre.jar;C:\Users\saini\.m2\repository\com\google\code\findbugs\jsr305\1.3.9\jsr305-1.3.9.jar;C:\Users\saini\.m2\repository\org\checkerframework\checker-compat-qual\2.0.0\checker-compat-qual-2.0.0.jar;C:\Users\saini\.m2\repository\com\google\errorprone\error_prone_annotations\2.1.3\error_prone_annotations-2.1.3.jar;C:\Users\saini\.m2\repository\com\google\j2objc\j2objc-annotations\1.1\j2objc-annotations-1.1.jar;C:\Users\saini\.m2\repository\org\codehaus\mojo\animal-sniffer-annotations\1.14\animal-sniffer-annotations-1.14.jar;C:\Users\saini\.m2\repository\com\squareup\okhttp3\okhttp\3.11.0\okhttp-3.11.0.jar;C:\Users\saini\.m2\repository\com\squareup\okio\okio\1.14.0\okio-1.14.0.jar;C:\Users\saini\.m2\repository\org\testng\testng\7.1.0\testng-7.1.0.jar;C:\Users\saini\.m2\repository\com\beust\jcommander\1.72\jcommander-1.72.jar;C:\Users\saini\.m2\repository\com\google\inject\guice\4.1.0\guice-4.1.0-no_aop.jar;C:\Users\saini\.m2\repository\javax\inject\javax.inject\1\javax.inject-1.jar;C:\Users\saini\.m2\repository\aopalliance\aopalliance\1.0\aopalliance-1.0.jar;C:\Users\saini\.m2\repository\org\yaml\snakeyaml\1.21\snakeyaml-1.21.jar;C:\Users\saini\.m2\repository\io\cucumber\cucumber-junit\1.2.6\cucumber-junit-1.2.6.jar;C:\Users\saini\.m2\repository\io\cucumber\cucumber-core\1.2.6\cucumber-core-1.2.6.jar;C:\Users\saini\.m2\repository\info\cukes\cucumber-html\0.2.3\cucumber-html-0.2.3.jar;C:\Users\saini\.m2\repository\info\cukes\cucumber-jvm-deps\1.0.5\cucumber-jvm-deps-1.0.5.jar;C:\Users\saini\.m2\repository\info\cukes\gherkin\2.12.2\gherkin-2.12.2.jar;C:\Users\saini\.m2\repository\io\cucumber\cucumber-java\1.2.6\cucumber-java-1.2.6.jar;C:\Users\saini\.m2\repository\info\cukes\cucumber-testng\1.2.5\cucumber-testng-1.2.5.jar;C:\Users\saini\.m2\repository\info\cukes\cucumber-core\1.2.5\cucumber-core-1.2.5.jar;C:\Users\saini\.m2\repository\com\aventstack\extentreports\3.1.2\extentreports-3.1.2.jar;C:\Users\saini\.m2\repository\org\freemarker\freemarker\2.3.23\freemarker-2.3.23.jar;C:\Users\saini\.m2\repository\org\mongodb\mongodb-driver\3.3.0\mongodb-driver-3.3.0.jar;C:\Users\saini\.m2\repository\org\mongodb\bson\3.3.0\bson-3.3.0.jar;C:\Users\saini\.m2\repository\org\mongodb\mongodb-driver-core\3.3.0\mongodb-driver-core-3.3.0.jar;C:\Users\saini\.m2\repository\org\apache\httpcomponents\httpclient\4.5.2\httpclient-4.5.2.jar;C:\Users\saini\.m2\repository\org\apache\httpcomponents\httpcore\4.4.4\httpcore-4.4.4.jar;C:\Users\saini\.m2\repository\commons-logging\commons-logging\1.2\commons-logging-1.2.jar;C:\Users\saini\.m2\repository\org\apache\httpcomponents\httpmime\4.5.2\httpmime-4.5.2.jar;C:\Users\saini\.m2\repository\org\jsoup\jsoup\1.9.2\jsoup-1.9.2.jar;C:\Users\saini\.m2\repository\org\apache\logging\log4j\log4j-api\2.13.3\log4j-api-2.13.3.jar;C:\Users\saini\.m2\repository\org\apache\logging\log4j\log4j-core\2.13.3\log4j-core-2.13.3.jar;C:\Users\saini\.m2\repository\commons-io\commons-io\2.7\commons-io-2.7.jar;C:\Users\saini\.m2\repository\org\apache\poi\poi-ooxml\4.1.2\poi-ooxml-4.1.2.jar;C:\Users\saini\.m2\repository\org\apache\poi\poi-ooxml-schemas\4.1.2\poi-ooxml-schemas-4.1.2.jar;C:\Users\saini\.m2\repository\org\apache\xmlbeans\xmlbeans\3.1.0\xmlbeans-3.1.0.jar;C:\Users\saini\.m2\repository\org\apache\commons\commons-compress\1.19\commons-compress-1.19.jar;C:\Users\saini\.m2\repository\com\github\virtuald\curvesapi\1.06\curvesapi-1.06.jar;C:\Users\saini\.m2\repository\org\apache\poi\poi\4.1.2\poi-4.1.2.jar;C:\Users\saini\.m2\repository\commons-codec\commons-codec\1.13\commons-codec-1.13.jar;C:\Users\saini\.m2\repository\org\apache\commons\commons-collections4\4.4\commons-collections4-4.4.jar;C:\Users\saini\.m2\repository\org\apache\commons\commons-math3\3.6.1\commons-math3-3.6.1.jar;C:\Users\saini\.m2\repository\com\zaxxer\SparseBitSet\1.2\SparseBitSet-1.2.jar;C:\Users\saini\.m2\repository\io\appium\java-client\7.3.0\java-client-7.3.0.jar;C:\Users\saini\.m2\repository\cglib\cglib\3.2.12\cglib-3.2.12.jar;C:\Users\saini\.m2\repository\org\ow2\asm\asm\7.1\asm-7.1.jar;C:\Users\saini\.m2\repository\commons-validator\commons-validator\1.6\commons-validator-1.6.jar;C:\Users\saini\.m2\repository\commons-beanutils\commons-beanutils\1.9.2\commons-beanutils-1.9.2.jar;C:\Users\saini\.m2\repository\commons-digester\commons-digester\1.8.1\commons-digester-1.8.1.jar;C:\Users\saini\.m2\repository\commons-collections\commons-collections\3.2.2\commons-collections-3.2.2.jar;C:\Users\saini\.m2\repository\org\apache\commons\commons-lang3\3.9\commons-lang3-3.9.jar;C:\Users\saini\.m2\repository\org\springframework\spring-context\5.1.8.RELEASE\spring-context-5.1.8.RELEASE.jar;C:\Users\saini\.m2\repository\org\springframework\spring-aop\5.1.8.RELEASE\spring-aop-5.1.8.RELEASE.jar;C:\Users\saini\.m2\repository\org\springframework\spring-beans\5.1.8.RELEASE\spring-beans-5.1.8.RELEASE.jar;C:\Users\saini\.m2\repository\org\springframework\spring-core\5.1.8.RELEASE\spring-core-5.1.8.RELEASE.jar;C:\Users\saini\.m2\repository\org\springframework\spring-jcl\5.1.8.RELEASE\spring-jcl-5.1.8.RELEASE.jar;C:\Users\saini\.m2\repository\org\springframework\spring-expression\5.1.8.RELEASE\spring-expression-5.1.8.RELEASE.jar;C:\Users\saini\.m2\repository\org\aspectj\aspectjweaver\1.9.4\aspectjweaver-1.9.4.jar;C:\Users\saini\.m2\repository\org\slf4j\slf4j-api\1.7.26\slf4j-api-1.7.26.jar;C:\Users\saini\.m2\repository\com\google\code\gson\gson\2.8.6\gson-2.8.6.jar;C:\Users\saini\.m2\repository\com\vimalselvam\cucumber-extentsreport\3.0.2\cucumber-extentsreport-3.0.2.jar;C:\Users\saini\.m2\repository\io\rest-assured\rest-assured\4.3.0\rest-assured-4.3.0.jar;C:\Users\saini\.m2\repository\org\codehaus\groovy\groovy\3.0.2\groovy-3.0.2.jar;C:\Users\saini\.m2\repository\org\codehaus\groovy\groovy-xml\3.0.2\groovy-xml-3.0.2.jar;C:\Users\saini\.m2\repository\org\hamcrest\hamcrest\2.1\hamcrest-2.1.jar;C:\Users\saini\.m2\repository\org\ccil\cowan\tagsoup\tagsoup\1.2.1\tagsoup-1.2.1.jar;C:\Users\saini\.m2\repository\io\rest-assured\json-path\4.3.0\json-path-4.3.0.jar;C:\Users\saini\.m2\repository\org\codehaus\groovy\groovy-json\3.0.2\groovy-json-3.0.2.jar;C:\Users\saini\.m2\repository\io\rest-assured\rest-assured-common\4.3.0\rest-assured-common-4.3.0.jar;C:\Users\saini\.m2\repository\io\rest-assured\xml-path\4.3.0\xml-path-4.3.0.jar;C:\Users\saini\.m2\repository\jakarta\xml\bind\jakarta.xml.bind-api\2.3.2\jakarta.xml.bind-api-2.3.2.jar;C:\Users\saini\.m2\repository\jakarta\activation\jakarta.activation-api\1.2.1\jakarta.activation-api-1.2.1.jar;C:\Users\saini\.m2\repository\com\sun\xml\bind\jaxb-osgi\2.3.0.1\jaxb-osgi-2.3.0.1.jar;C:\Users\saini\.m2\repository\org\apache\sling\org.apache.sling.javax.activation\0.1.0\org.apache.sling.javax.activation-0.1.0.jar;C:\Users\saini\.m2\repository\javax\activation\activation\1.1.1\activation-1.1.1.jar;C:\Users\saini\.m2\repository\com\googlecode\json-simple\json-simple\1.1.1\json-simple-1.1.1.jar;"/>
    <property name="sun.cpu.endian" value="little"/>
    <property name="user.home" value="C:\Users\saini"/>
    <property name="user.language" value="en"/>
    <property name="java.specification.vendor" value="Oracle Corporation"/>
    <property name="java.version.date" value="2020-04-14"/>
    <property name="java.home" value="C:\Program Files\Java\jdk-14.0.1"/>
    <property name="file.separator" value="\"/>
    <property name="basedir" value="C:\Selenium WebDriver with Java\Projects\CucumberFramework"/>
    <property name="java.vm.compressedOopsMode" value="Zero based"/>
    <property name="line.separator" value="&#10;"/>
    <property name="java.vm.specification.vendor" value="Oracle Corporation"/>
    <property name="java.specification.name" value="Java Platform API Specification"/>
    <property name="surefire.real.class.path" value="C:\Users\saini\AppData\Local\Temp\surefire8349806509769961957\surefirebooter8891929672730909683.jar"/>
    <property name="user.script" value=""/>
    <property name="sun.management.compiler" value="HotSpot 64-Bit Tiered Compilers"/>
    <property name="java.runtime.version" value="14.0.1+7"/>
    <property name="user.name" value="saini"/>
    <property name="path.separator" value=";"/>
    <property name="os.version" value="10.0"/>
    <property name="java.runtime.name" value="Java(TM) SE Runtime Environment"/>
    <property name="file.encoding" value="Cp1252"/>
    <property name="java.vm.name" value="Java HotSpot(TM) 64-Bit Server VM"/>
    <property name="localRepository" value="C:\Users\saini\.m2\repository"/>
    <property name="java.vendor.url.bug" value="https://bugreport.java.com/bugreport/"/>
    <property name="java.io.tmpdir" value="C:\Users\saini\AppData\Local\Temp\"/>
    <property name="java.version" value="14.0.1"/>
    <property name="user.dir" value="C:\Selenium WebDriver with Java\Projects\CucumberFramework"/>
    <property name="os.arch" value="amd64"/>
    <property name="java.vm.specification.name" value="Java Virtual Machine Specification"/>
    <property name="sun.os.patch.level" value=""/>
    <property name="java.library.path" value="C:\Program Files\Java\jdk-14.0.1\bin;C:\WINDOWS\Sun\Java\bin;C:\WINDOWS\system32;C:\WINDOWS;C:\Selenium WebDriver with Java\apache-maven-3.6.3-bin\apache-maven-3.6.3/bin;C:\Program Files\Java\jdk-14.0.1/bin;C:\Program Files\Java\jdk-14.0.1/bin;C:\Program Files (x86)\Common Files\Oracle\Java\javapath;C:\Program Files\Java\jdk1.8.0_251\bin;C:\Windows\system32;C:\Windows;C:\Windows\System32\Wbem;C:\Windows\System32\WindowsPowerShell\v1.0\;C:\Windows\System32\OpenSSH\;C:\Program Files (x86)\NVIDIA Corporation\PhysX\Common;C:\Program Files\NVIDIA Corporation\NVIDIA NvDLISR;C:\WINDOWS\system32;C:\WINDOWS;C:\WINDOWS\System32\Wbem;C:\WINDOWS\System32\WindowsPowerShell\v1.0\;C:\WINDOWS\System32\OpenSSH\;C:\Users\saini\AppData\Local\Android\Sdk\tools\bin;C:\Users\saini\AppData\Local\Android\Sdk\tools;C:\Users\saini\AppData\Local\Android\Sdk\platform-tools;C:\Program Files\nodejs\;C:\Program Files\nodejs\node_modules\npm\bin;C:\Selenium WebDriver with Java\apache-maven-3.6.3-bin\apache-maven-3.6.3\bin;C:\Program Files\Git\cmd;C:\Program Files\MySQL\MySQL Shell 8.0\bin\;C:\Users\saini\AppData\Local\Microsoft\WindowsApps;C:\Users\saini\AppData\Roaming\npm;;."/>
    <property name="java.vm.info" value="mixed mode, sharing"/>
    <property name="java.vendor" value="Oracle Corporation"/>
    <property name="java.vm.version" value="14.0.1+7"/>
    <property name="sun.io.unicode.encoding" value="UnicodeLittle"/>
    <property name="java.class.version" value="58.0"/>
  </properties>
  <testcase name="feature" classname="CucumberOptions.TestRunner" time="134.374"/>
  <testcase name="feature" classname="CucumberOptions.TestRunner" time="66.983">
    <failure message="org.openqa.selenium.WebDriverException: org.openqa.selenium.InvalidArgumentException: invalid argument: invalid locator&#10;  (Session info: chrome=83.0.4099.5)&#10;Build info: version: &apos;3.141.59&apos;, revision: &apos;e82be7d358&apos;, time: &apos;2018-11-14T08:17:03&apos;&#10;System info: host: &apos;LAPTOP-EDS2GI91&apos;, ip: &apos;192.168.0.20&apos;, os.name: &apos;Windows 10&apos;, os.arch: &apos;amd64&apos;, os.version: &apos;10.0&apos;, java.version: &apos;14.0.1&apos;&#10;Driver info: io.appium.java_client.android.AndroidDriver&#10;Capabilities {appActivity: com.google.android.apps.chr..., appPackage: com.android.chrome, browserName: Chrome, databaseEnabled: false, desired: {browserName: Chrome, deviceName: PIXEL 2 API R, platformName: android}, deviceApiLevel: 29, deviceManufacturer: Google, deviceModel: sdk_gphone_x86, deviceName: emulator-5554, deviceScreenDensity: 420, deviceScreenSize: 1080x1920, deviceUDID: emulator-5554, javascriptEnabled: true, locationContextEnabled: false, networkConnectionEnabled: true, pixelRatio: 2.625, platform: LINUX, platformName: android, platformVersion: 10, statBarHeight: 63, takesScreenshot: true, viewportRect: {height: 1731, left: 0, top: 63, width: 1080}, warnings: {}, webStorageEnabled: false}&#10;Session ID: b408e4a1-11c4-450c-bc59-ceb248a2f0c4&#10;*** Element info: {Using=id, value=selectDate}" type="cucumber.runtime.CucumberException">cucumber.runtime.CucumberException: 
org.openqa.selenium.WebDriverException: org.openqa.selenium.InvalidArgumentException: invalid argument: invalid locator
  (Session info: chrome=83.0.4099.5)
Build info: version: '3.141.59', revision: 'e82be7d358', time: '2018-11-14T08:17:03'
System info: host: 'LAPTOP-EDS2GI91', ip: '192.168.0.20', os.name: 'Windows 10', os.arch: 'amd64', os.version: '10.0', java.version: '14.0.1'
Driver info: io.appium.java_client.android.AndroidDriver
Capabilities {appActivity: com.google.android.apps.chr..., appPackage: com.android.chrome, browserName: Chrome, databaseEnabled: false, desired: {browserName: Chrome, deviceName: PIXEL 2 API R, platformName: android}, deviceApiLevel: 29, deviceManufacturer: Google, deviceModel: sdk_gphone_x86, deviceName: emulator-5554, deviceScreenDensity: 420, deviceScreenSize: 1080x1920, deviceUDID: emulator-5554, javascriptEnabled: true, locationContextEnabled: false, networkConnectionEnabled: true, pixelRatio: 2.625, platform: LINUX, platformName: android, platformVersion: 10, statBarHeight: 63, takesScreenshot: true, viewportRect: {height: 1731, left: 0, top: 63, width: 1080}, warnings: {}, webStorageEnabled: false}
Session ID: b408e4a1-11c4-450c-bc59-ceb248a2f0c4
*** Element info: {Using=id, value=selectDate}
Caused by: org.openqa.selenium.WebDriverException: 
org.openqa.selenium.InvalidArgumentException: invalid argument: invalid locator
  (Session info: chrome=83.0.4099.5)
Build info: version: '3.141.59', revision: 'e82be7d358', time: '2018-11-14T08:17:03'
System info: host: 'LAPTOP-EDS2GI91', ip: '192.168.0.20', os.name: 'Windows 10', os.arch: 'amd64', os.version: '10.0', java.version: '14.0.1'
Driver info: io.appium.java_client.android.AndroidDriver
Capabilities {appActivity: com.google.android.apps.chr..., appPackage: com.android.chrome, browserName: Chrome, databaseEnabled: false, desired: {browserName: Chrome, deviceName: PIXEL 2 API R, platformName: android}, deviceApiLevel: 29, deviceManufacturer: Google, deviceModel: sdk_gphone_x86, deviceName: emulator-5554, deviceScreenDensity: 420, deviceScreenSize: 1080x1920, deviceUDID: emulator-5554, javascriptEnabled: true, locationContextEnabled: false, networkConnectionEnabled: true, pixelRatio: 2.625, platform: LINUX, platformName: android, platformVersion: 10, statBarHeight: 63, takesScreenshot: true, viewportRect: {height: 1731, left: 0, top: 63, width: 1080}, warnings: {}, webStorageEnabled: false}
Session ID: b408e4a1-11c4-450c-bc59-ceb248a2f0c4
*** Element info: {Using=id, value=selectDate}
Caused by: org.openqa.selenium.InvalidArgumentException: 
invalid argument: invalid locator
  (Session info: chrome=83.0.4099.5)
Build info: version: '3.141.59', revision: 'e82be7d358', time: '2018-11-14T08:17:03'
System info: host: 'LAPTOP-EDS2GI91', ip: '192.168.0.20', os.name: 'Windows 10', os.arch: 'amd64', os.version: '10.0', java.version: '14.0.1'
Driver info: io.appium.java_client.android.AndroidDriver
Capabilities {appActivity: com.google.android.apps.chr..., appPackage: com.android.chrome, browserName: Chrome, databaseEnabled: false, desired: {browserName: Chrome, deviceName: PIXEL 2 API R, platformName: android}, deviceApiLevel: 29, deviceManufacturer: Google, deviceModel: sdk_gphone_x86, deviceName: emulator-5554, deviceScreenDensity: 420, deviceScreenSize: 1080x1920, deviceUDID: emulator-5554, javascriptEnabled: true, locationContextEnabled: false, networkConnectionEnabled: true, pixelRatio: 2.625, platform: LINUX, platformName: android, platformVersion: 10, statBarHeight: 63, takesScreenshot: true, viewportRect: {height: 1731, left: 0, top: 63, width: 1080}, warnings: {}, webStorageEnabled: false}
Session ID: b408e4a1-11c4-450c-bc59-ceb248a2f0c4
*** Element info: {Using=id, value=selectDate}
</failure>
    <system-out><![CDATA[NATIVE_APP
CHROMIUM
]]></system-out>
    <system-err><![CDATA[Jul 07, 2020 5:12:52 PM io.appium.java_client.remote.AppiumCommandExecutor$1 lambda$0
INFO: Detected dialect: W3C
]]></system-err>
  </testcase>
  <testcase name="feature" classname="CucumberOptions.TestRunner" time="46.044">
    <failure message="java.lang.AssertionError: expected [true] but found [false]" type="cucumber.runtime.CucumberException">cucumber.runtime.CucumberException: java.lang.AssertionError: expected [true] but found [false]
Caused by: java.lang.AssertionError: expected [true] but found [false]
</failure>
    <system-err><![CDATA[Starting ChromeDriver 83.0.4103.39 (ccbf011cb2d2b19b506d844400483861342c20cd-refs/branch-heads/4103@{#416}) on port 12178
Only local connections are allowed.
Please see https://chromedriver.chromium.org/security-considerations for suggestions on keeping ChromeDriver safe.
ChromeDriver was started successfully.
Jul 07, 2020 5:13:44 PM org.openqa.selenium.remote.ProtocolHandshake createSession
INFO: Detected dialect: W3C
Starting ChromeDriver 83.0.4103.39 (ccbf011cb2d2b19b506d844400483861342c20cd-refs/branch-heads/4103@{#416}) on port 16449
Only local connections are allowed.
Please see https://chromedriver.chromium.org/security-considerations for suggestions on keeping ChromeDriver safe.
ChromeDriver was started successfully.
Jul 07, 2020 5:13:56 PM org.openqa.selenium.remote.ProtocolHandshake createSession
INFO: Detected dialect: W3C
Starting ChromeDriver 83.0.4103.39 (ccbf011cb2d2b19b506d844400483861342c20cd-refs/branch-heads/4103@{#416}) on port 46507
Only local connections are allowed.
Please see https://chromedriver.chromium.org/security-considerations for suggestions on keeping ChromeDriver safe.
ChromeDriver was started successfully.
Jul 07, 2020 5:14:07 PM org.openqa.selenium.remote.ProtocolHandshake createSession
INFO: Detected dialect: W3C
Starting ChromeDriver 83.0.4103.39 (ccbf011cb2d2b19b506d844400483861342c20cd-refs/branch-heads/4103@{#416}) on port 20276
Only local connections are allowed.
Please see https://chromedriver.chromium.org/security-considerations for suggestions on keeping ChromeDriver safe.
ChromeDriver was started successfully.
Jul 07, 2020 5:14:20 PM org.openqa.selenium.remote.ProtocolHandshake createSession
INFO: Detected dialect: W3C
]]></system-err>
  </testcase>
  <testcase name="feature" classname="CucumberOptions.TestRunner" time="17.747"/>
  <testcase name="feature" classname="CucumberOptions.TestRunner" time="14.283"/>
</testsuite>