<?xml version="1.0" encoding="UTF-8"?>
<!-- Generated by org.testng.reporters.JUnitReportReporter -->
<testsuite skipped="0" hostname="LAPTOP-EDS2GI91" name="Cucumber.DemoRest" tests="1" failures="0" timestamp="2020-07-08T23:03:57 PDT" time="8.368" errors="0">
  <testcase name="restDemo" time="8.368" classname="Cucumber.DemoRest"/>
  <system-out/>
</testsuite> <!-- Cucumber.DemoRest -->
