<?xml version="1.0" encoding="UTF-8"?>
<!-- Generated by org.testng.reporters.JUnitReportReporter -->
<testsuite skipped="0" hostname="LAPTOP-EDS2GI91" name="CucumberOptions.TestRunner2" tests="1" failures="0" timestamp="2020-07-17T20:16:09 PDT" time="341.733" errors="0">
  <testcase name="feature" time="341.733" classname="CucumberOptions.TestRunner2"/>
  <system-out/>
</testsuite> <!-- CucumberOptions.TestRunner2 -->
