<?xml version="1.0" encoding="UTF-8"?>
<!-- Generated by org.testng.reporters.JUnitReportReporter -->
<testsuite skipped="0" hostname="LAPTOP-EDS2GI91" name="CucumberOptions.TestRunner" tests="5" failures="0" timestamp="2020-07-08T23:03:57 PDT" time="371.129" errors="0">
  <testcase name="feature" time="100.918" classname="CucumberOptions.TestRunner"/>
  <system-out/>
  <testcase name="feature" time="183.411" classname="CucumberOptions.TestRunner"/>
  <system-out/>
  <testcase name="feature" time="16.652" classname="CucumberOptions.TestRunner"/>
  <system-out/>
  <testcase name="feature" time="61.017" classname="CucumberOptions.TestRunner"/>
  <system-out/>
  <testcase name="feature" time="9.131" classname="CucumberOptions.TestRunner"/>
  <system-out/>
</testsuite> <!-- CucumberOptions.TestRunner -->
