<?xml version="1.0" encoding="UTF-8"?>
<!-- Generated by org.testng.reporters.JUnitReportReporter -->
<testsuite hostname="LAPTOP-EDS2GI91" failures="0" tests="3" name="CucumberOptions.TestRunner" time="86.364" errors="0" timestamp="2020-07-05T16:38:10 PDT" skipped="0">
  <testcase classname="CucumberOptions.TestRunner" name="feature" time="66.768"/>
  <system-out/>
  <testcase classname="CucumberOptions.TestRunner" name="feature" time="14.833"/>
  <system-out/>
  <testcase classname="CucumberOptions.TestRunner" name="feature" time="4.763"/>
  <system-out/>
</testsuite> <!-- CucumberOptions.TestRunner -->
