<?xml version="1.0" encoding="UTF-8"?>
<!-- Generated by org.testng.reporters.JUnitReportReporter -->
<testsuite skipped="0" hostname="LAPTOP-EDS2GI91" name="CucumberOptions.TestRunner" tests="5" failures="0" timestamp="2020-07-12T16:42:51 PDT" time="486.150" errors="0">
  <testcase name="feature" time="5.468" classname="CucumberOptions.TestRunner"/>
  <system-out/>
  <testcase name="feature" time="73.176" classname="CucumberOptions.TestRunner"/>
  <system-out/>
  <testcase name="feature" time="44.476" classname="CucumberOptions.TestRunner"/>
  <system-out/>
  <testcase name="feature" time="347.965" classname="CucumberOptions.TestRunner"/>
  <system-out/>
  <testcase name="feature" time="15.065" classname="CucumberOptions.TestRunner"/>
  <system-out/>
</testsuite> <!-- CucumberOptions.TestRunner -->
