<?xml version="1.0" encoding="UTF-8"?>
<!-- Generated by org.testng.reporters.JUnitReportReporter -->
<testsuite skipped="0" hostname="LAPTOP-EDS2GI91" name="Cucumber.DemoRestPOST" tests="1" failures="0" timestamp="2020-07-08T23:03:57 PDT" time="0.903" errors="0">
  <testcase name="postResponse" time="0.903" classname="Cucumber.DemoRestPOST"/>
  <system-out/>
</testsuite> <!-- Cucumber.DemoRestPOST -->
