<?xml version="1.0" encoding="UTF-8"?>
<!-- Generated by org.testng.reporters.JUnitReportReporter -->
<testsuite skipped="0" hostname="LAPTOP-EDS2GI91" name="CucumberOptions.TestRunner" tests="5" failures="0" timestamp="2020-07-11T16:57:43 PDT" time="469.573" errors="0">
  <testcase name="feature" time="331.545" classname="CucumberOptions.TestRunner"/>
  <system-out/>
  <testcase name="feature" time="7.824" classname="CucumberOptions.TestRunner"/>
  <system-out/>
  <testcase name="feature" time="41.701" classname="CucumberOptions.TestRunner"/>
  <system-out/>
  <testcase name="feature" time="73.625" classname="CucumberOptions.TestRunner"/>
  <system-out/>
  <testcase name="feature" time="14.878" classname="CucumberOptions.TestRunner"/>
  <system-out/>
</testsuite> <!-- CucumberOptions.TestRunner -->
