<?xml version="1.0" encoding="UTF-8"?>
<!-- Generated by org.testng.reporters.JUnitReportReporter -->
<testsuite skipped="0" hostname="LAPTOP-EDS2GI91" name="Cucumber.DemoRestGET" tests="1" failures="0" timestamp="2020-07-08T23:03:57 PDT" time="0.754" errors="0">
  <testcase name="getResponse" time="0.754" classname="Cucumber.DemoRestGET"/>
  <system-out/>
</testsuite> <!-- Cucumber.DemoRestGET -->
