<?xml version="1.0" encoding="UTF-8"?>
<!-- Generated by org.testng.reporters.JUnitReportReporter -->
<testsuite skipped="0" hostname="LAPTOP-EDS2GI91" name="CucumberOptions.TestRunner2" tests="1" failures="0" timestamp="2020-07-14T14:05:23 PDT" time="114.089" errors="0">
  <testcase name="feature" time="114.089" classname="CucumberOptions.TestRunner2"/>
  <system-out/>
</testsuite> <!-- CucumberOptions.TestRunner2 -->
