<?xml version="1.0" encoding="UTF-8"?>
<!-- Generated by org.testng.reporters.JUnitReportReporter -->
<testsuite skipped="0" hostname="LAPTOP-EDS2GI91" name="Cucumber.DemoRestDELETE" tests="1" failures="0" timestamp="2020-07-08T23:03:57 PDT" time="0.823" errors="0">
  <testcase name="deleteResponse" time="0.823" classname="Cucumber.DemoRestDELETE"/>
  <system-out/>
</testsuite> <!-- Cucumber.DemoRestDELETE -->
