<?xml version="1.0" encoding="UTF-8"?>
<!-- Generated by org.testng.reporters.JUnitReportReporter -->
<testsuite skipped="0" hostname="LAPTOP-EDS2GI91" name="CucumberOptions.TestRunner" tests="2" failures="0" timestamp="2020-07-01T18:47:44 PDT" time="82.478" errors="0">
  <testcase name="feature" time="67.114" classname="CucumberOptions.TestRunner"/>
  <system-out/>
  <testcase name="feature" time="15.364" classname="CucumberOptions.TestRunner"/>
  <system-out/>
</testsuite> <!-- CucumberOptions.TestRunner -->
